C:\USERS\BEN\DESKTOP\CITYGEN\CITYGENERATOR\RELEASE\BUILDINGGENERATOR.OBJ
C:\USERS\BEN\DESKTOP\CITYGEN\CITYGENERATOR\RELEASE\CITYGENERATOR.EXE.INTERMEDIATE.MANIFEST
C:\USERS\BEN\DESKTOP\CITYGEN\CITYGENERATOR\RELEASE\CITYGENERATOR.OBJ
C:\USERS\BEN\DESKTOP\CITYGEN\CITYGENERATOR\RELEASE\CITYGENERATOR.PCH
C:\USERS\BEN\DESKTOP\CITYGEN\CITYGENERATOR\RELEASE\CITYGENERATOR.RES
C:\Users\Ben\Desktop\citygen\CityGenerator\Release\cl.command.1.tlog
C:\Users\Ben\Desktop\citygen\CityGenerator\Release\CL.read.1.tlog
C:\Users\Ben\Desktop\citygen\CityGenerator\Release\CL.write.1.tlog
C:\USERS\BEN\DESKTOP\CITYGEN\CITYGENERATOR\RELEASE\GRAPH.OBJ
C:\USERS\BEN\DESKTOP\CITYGEN\CITYGENERATOR\RELEASE\IMAGESAMPLER.OBJ
C:\USERS\BEN\DESKTOP\CITYGEN\CITYGENERATOR\RELEASE\INPUTPARSER.OBJ
C:\USERS\BEN\DESKTOP\CITYGEN\CITYGENERATOR\RELEASE\INTERSECTION.OBJ
C:\Users\Ben\Desktop\citygen\CityGenerator\Release\link.command.1.tlog
C:\Users\Ben\Desktop\citygen\CityGenerator\Release\link.read.1.tlog
C:\Users\Ben\Desktop\citygen\CityGenerator\Release\link.write.1.tlog
C:\Users\Ben\Desktop\citygen\CityGenerator\Release\link-cvtres.read.1.tlog
C:\Users\Ben\Desktop\citygen\CityGenerator\Release\link-cvtres.write.1.tlog
C:\USERS\BEN\DESKTOP\CITYGEN\CITYGENERATOR\RELEASE\LOT.OBJ
C:\USERS\BEN\DESKTOP\CITYGEN\CITYGENERATOR\RELEASE\LOTGENERATOR.OBJ
C:\Users\Ben\Desktop\citygen\CityGenerator\Release\mt.command.1.tlog
C:\Users\Ben\Desktop\citygen\CityGenerator\Release\mt.read.1.tlog
C:\Users\Ben\Desktop\citygen\CityGenerator\Release\mt.write.1.tlog
C:\USERS\BEN\DESKTOP\CITYGEN\CITYGENERATOR\RELEASE\POLYGON.OBJ
C:\USERS\BEN\DESKTOP\CITYGEN\CITYGENERATOR\RELEASE\QUADNODE.OBJ
C:\Users\Ben\Desktop\citygen\CityGenerator\Release\rc.command.1.tlog
C:\Users\Ben\Desktop\citygen\CityGenerator\Release\rc.read.1.tlog
C:\Users\Ben\Desktop\citygen\CityGenerator\Release\rc.write.1.tlog
C:\USERS\BEN\DESKTOP\CITYGEN\CITYGENERATOR\RELEASE\ROAD.OBJ
C:\USERS\BEN\DESKTOP\CITYGEN\CITYGENERATOR\RELEASE\ROADSYSTEM.OBJ
C:\USERS\BEN\DESKTOP\CITYGEN\CITYGENERATOR\RELEASE\STDAFX.OBJ
C:\USERS\BEN\DESKTOP\CITYGEN\CITYGENERATOR\RELEASE\VC100.PDB
C:\USERS\BEN\DESKTOP\CITYGEN\RELEASE\CITYGENERATOR.EXE
C:\USERS\BEN\DESKTOP\CITYGEN\RELEASE\CITYGENERATOR.PDB
C:\USERS\BEN\DOCUMENTS\CS184\CITYGEN\CITYGENERATOR\RELEASE\BUILDINGGENERATOR.OBJ
C:\USERS\BEN\DOCUMENTS\CS184\CITYGEN\CITYGENERATOR\RELEASE\CITYGENERATOR.EXE.INTERMEDIATE.MANIFEST
C:\USERS\BEN\DOCUMENTS\CS184\CITYGEN\CITYGENERATOR\RELEASE\CITYGENERATOR.OBJ
C:\USERS\BEN\DOCUMENTS\CS184\CITYGEN\CITYGENERATOR\RELEASE\CITYGENERATOR.PCH
C:\USERS\BEN\DOCUMENTS\CS184\CITYGEN\CITYGENERATOR\RELEASE\CITYGENERATOR.RES
C:\USERS\BEN\DOCUMENTS\CS184\CITYGEN\CITYGENERATOR\RELEASE\GRAPH.OBJ
C:\USERS\BEN\DOCUMENTS\CS184\CITYGEN\CITYGENERATOR\RELEASE\IMAGESAMPLER.OBJ
C:\USERS\BEN\DOCUMENTS\CS184\CITYGEN\CITYGENERATOR\RELEASE\INPUTPARSER.OBJ
C:\USERS\BEN\DOCUMENTS\CS184\CITYGEN\CITYGENERATOR\RELEASE\INTERSECTION.OBJ
C:\USERS\BEN\DOCUMENTS\CS184\CITYGEN\CITYGENERATOR\RELEASE\LOT.OBJ
C:\USERS\BEN\DOCUMENTS\CS184\CITYGEN\CITYGENERATOR\RELEASE\LOTGENERATOR.OBJ
C:\USERS\BEN\DOCUMENTS\CS184\CITYGEN\CITYGENERATOR\RELEASE\POLYGON.OBJ
C:\USERS\BEN\DOCUMENTS\CS184\CITYGEN\CITYGENERATOR\RELEASE\QUADNODE.OBJ
C:\USERS\BEN\DOCUMENTS\CS184\CITYGEN\CITYGENERATOR\RELEASE\ROAD.OBJ
C:\USERS\BEN\DOCUMENTS\CS184\CITYGEN\CITYGENERATOR\RELEASE\ROADSYSTEM.OBJ
C:\USERS\BEN\DOCUMENTS\CS184\CITYGEN\CITYGENERATOR\RELEASE\STDAFX.OBJ
C:\USERS\BEN\DOCUMENTS\CS184\CITYGEN\CITYGENERATOR\RELEASE\VC100.PDB
C:\USERS\BEN\DOCUMENTS\CS184\CITYGEN\RELEASE\CITYGENERATOR.EXE
C:\USERS\BEN\DOCUMENTS\CS184\CITYGEN\RELEASE\CITYGENERATOR.PDB
